#
# There is insufficient memory for the Java Runtime Environment to continue.
# Native memory allocation (mmap) failed to map 173539328 bytes for committing reserved memory.
# Possible reasons:
#   The system is out of physical RAM or swap space
#   In 32 bit mode, the process size limit was hit
# Possible solutions:
#   Reduce memory load on the system
#   Increase physical memory or swap space
#   Check if swap backing store is full
#   Use 64 bit Java on a 64 bit OS
#   Decrease Java heap size (-Xmx/-Xms)
#   Decrease number of Java threads
#   Decrease Java thread stack sizes (-Xss)
#   Set larger code cache with -XX:ReservedCodeCacheSize=
# This output file may be truncated or incomplete.
#
#  Out of Memory Error (os_linux.cpp:2640), pid=18747, tid=0x00007fab8a051700
#
# JRE version:  (8.0_144-b01) (build )
# Java VM: OpenJDK 64-Bit Server VM (25.144-b01 mixed mode linux-amd64 compressed oops)
# Core dump written. Default location: /home/jeremy/public_html/staffconnect4/core or core.18747
#

---------------  T H R E A D  ---------------

Current thread (0x00007fab80009800):  JavaThread "Unknown thread" [_thread_in_vm, id=18748, stack(0x00007fab89f51000,0x00007fab8a052000)]

Stack: [0x00007fab89f51000,0x00007fab8a052000],  sp=0x00007fab8a0505b0,  free space=1021k
Native frames: (J=compiled Java code, j=interpreted, Vv=VM code, C=native code)
V  [libjvm.so+0xaa3d82]
V  [libjvm.so+0x4d85e7]
V  [libjvm.so+0x8e0be0]
V  [libjvm.so+0x8db29e]
V  [libjvm.so+0x95af06]
V  [libjvm.so+0x94b23c]
V  [libjvm.so+0x2b444e]
V  [libjvm.so+0x908251]
V  [libjvm.so+0xa6640a]
V  [libjvm.so+0xa666f5]
V  [libjvm.so+0x623f6f]
V  [libjvm.so+0xa49d5b]
V  [libjvm.so+0x6a3020]  JNI_CreateJavaVM+0x60
C  [libjli.so+0x2c53]
C  [libpthread.so.0+0x708a]  start_thread+0xda


---------------  P R O C E S S  ---------------

Java Threads: ( => current thread )

Other Threads:

=>0x00007fab80009800 (exited) JavaThread "Unknown thread" [_thread_in_vm, id=18748, stack(0x00007fab89f51000,0x00007fab8a052000)]

VM state:not at safepoint (not fully initialized)

VM Mutex/Monitor currently owned by a thread: None

GC Heap History (0 events):
No events

Deoptimization events (0 events):
No events

Internal exceptions (0 events):
No events

Events (0 events):
No events


Dynamic libraries:
6d2580000-76d580000 ---p 00000000 00:00 0 
76d580000-772800000 rw-p 00000000 00:00 0 
772800000-7c0000000 ---p 00000000 00:00 0 
55e9f793e000-55e9f793f000 r-xp 00000000 103:08 5253784                   /usr/lib/jvm/java-8-openjdk/jre/bin/java
55e9f7b3e000-55e9f7b3f000 r--p 00000000 103:08 5253784                   /usr/lib/jvm/java-8-openjdk/jre/bin/java
55e9f7b3f000-55e9f7b40000 rw-p 00001000 103:08 5253784                   /usr/lib/jvm/java-8-openjdk/jre/bin/java
55e9f8598000-55e9f85b9000 rw-p 00000000 00:00 0                          [heap]
7fab71000000-7fab71270000 rwxp 00000000 00:00 0 
7fab71270000-7fab80000000 ---p 00000000 00:00 0 
7fab80000000-7fab80032000 rw-p 00000000 00:00 0 
7fab80032000-7fab84000000 ---p 00000000 00:00 0 
7fab869ab000-7fab86ed5000 ---p 00000000 00:00 0 
7fab86ed5000-7fab86eff000 rw-p 00000000 00:00 0 
7fab86eff000-7fab8716b000 ---p 00000000 00:00 0 
7fab8716b000-7fab87176000 rw-p 00000000 00:00 0 
7fab87176000-7fab8752c000 ---p 00000000 00:00 0 
7fab8752c000-7fab87534000 r-xp 00000000 103:08 5259255                   /usr/lib/jvm/java-8-openjdk/jre/lib/amd64/libzip.so
7fab87534000-7fab87733000 ---p 00008000 103:08 5259255                   /usr/lib/jvm/java-8-openjdk/jre/lib/amd64/libzip.so
7fab87733000-7fab87734000 r--p 00007000 103:08 5259255                   /usr/lib/jvm/java-8-openjdk/jre/lib/amd64/libzip.so
7fab87734000-7fab87735000 rw-p 00008000 103:08 5259255                   /usr/lib/jvm/java-8-openjdk/jre/lib/amd64/libzip.so
7fab87735000-7fab87740000 r-xp 00000000 103:08 4327573                   /usr/lib/libnss_files-2.26.so
7fab87740000-7fab8793f000 ---p 0000b000 103:08 4327573                   /usr/lib/libnss_files-2.26.so
7fab8793f000-7fab87940000 r--p 0000a000 103:08 4327573                   /usr/lib/libnss_files-2.26.so
7fab87940000-7fab87941000 rw-p 0000b000 103:08 4327573                   /usr/lib/libnss_files-2.26.so
7fab87941000-7fab87947000 rw-p 00000000 00:00 0 
7fab87947000-7fab87975000 r-xp 00000000 103:08 5253842                   /usr/lib/jvm/java-8-openjdk/jre/lib/amd64/libjava.so
7fab87975000-7fab87b74000 ---p 0002e000 103:08 5253842                   /usr/lib/jvm/java-8-openjdk/jre/lib/amd64/libjava.so
7fab87b74000-7fab87b75000 r--p 0002d000 103:08 5253842                   /usr/lib/jvm/java-8-openjdk/jre/lib/amd64/libjava.so
7fab87b75000-7fab87b77000 rw-p 0002e000 103:08 5253842                   /usr/lib/jvm/java-8-openjdk/jre/lib/amd64/libjava.so
7fab87b77000-7fab87b84000 r-xp 00000000 103:08 5253830                   /usr/lib/jvm/java-8-openjdk/jre/lib/amd64/libverify.so
7fab87b84000-7fab87d83000 ---p 0000d000 103:08 5253830                   /usr/lib/jvm/java-8-openjdk/jre/lib/amd64/libverify.so
7fab87d83000-7fab87d85000 r--p 0000c000 103:08 5253830                   /usr/lib/jvm/java-8-openjdk/jre/lib/amd64/libverify.so
7fab87d85000-7fab87d86000 rw-p 0000e000 103:08 5253830                   /usr/lib/jvm/java-8-openjdk/jre/lib/amd64/libverify.so
7fab87d86000-7fab87d8d000 r-xp 00000000 103:08 4327497                   /usr/lib/librt-2.26.so
7fab87d8d000-7fab87f8c000 ---p 00007000 103:08 4327497                   /usr/lib/librt-2.26.so
7fab87f8c000-7fab87f8d000 r--p 00006000 103:08 4327497                   /usr/lib/librt-2.26.so
7fab87f8d000-7fab87f8e000 rw-p 00007000 103:08 4327497                   /usr/lib/librt-2.26.so
7fab87f8e000-7fab880d9000 r-xp 00000000 103:08 4327564                   /usr/lib/libm-2.26.so
7fab880d9000-7fab882d8000 ---p 0014b000 103:08 4327564                   /usr/lib/libm-2.26.so
7fab882d8000-7fab882d9000 r--p 0014a000 103:08 4327564                   /usr/lib/libm-2.26.so
7fab882d9000-7fab882da000 rw-p 0014b000 103:08 4327564                   /usr/lib/libm-2.26.so
7fab882da000-7fab88f7d000 r-xp 00000000 103:08 5518857                   /usr/lib/jvm/java-8-openjdk/jre/lib/amd64/server/libjvm.so
7fab88f7d000-7fab8917d000 ---p 00ca3000 103:08 5518857                   /usr/lib/jvm/java-8-openjdk/jre/lib/amd64/server/libjvm.so
7fab8917d000-7fab89211000 r--p 00ca3000 103:08 5518857                   /usr/lib/jvm/java-8-openjdk/jre/lib/amd64/server/libjvm.so
7fab89211000-7fab89239000 rw-p 00d37000 103:08 5518857                   /usr/lib/jvm/java-8-openjdk/jre/lib/amd64/server/libjvm.so
7fab89239000-7fab8926a000 rw-p 00000000 00:00 0 
7fab8926a000-7fab89418000 r-xp 00000000 103:08 4327637                   /usr/lib/libc-2.26.so
7fab89418000-7fab89618000 ---p 001ae000 103:08 4327637                   /usr/lib/libc-2.26.so
7fab89618000-7fab8961c000 r--p 001ae000 103:08 4327637                   /usr/lib/libc-2.26.so
7fab8961c000-7fab8961e000 rw-p 001b2000 103:08 4327637                   /usr/lib/libc-2.26.so
7fab8961e000-7fab89622000 rw-p 00000000 00:00 0 
7fab89622000-7fab89625000 r-xp 00000000 103:08 4327567                   /usr/lib/libdl-2.26.so
7fab89625000-7fab89824000 ---p 00003000 103:08 4327567                   /usr/lib/libdl-2.26.so
7fab89824000-7fab89825000 r--p 00002000 103:08 4327567                   /usr/lib/libdl-2.26.so
7fab89825000-7fab89826000 rw-p 00003000 103:08 4327567                   /usr/lib/libdl-2.26.so
7fab89826000-7fab89834000 r-xp 00000000 103:08 5524187                   /usr/lib/jvm/java-8-openjdk/jre/lib/amd64/jli/libjli.so
7fab89834000-7fab89a33000 ---p 0000e000 103:08 5524187                   /usr/lib/jvm/java-8-openjdk/jre/lib/amd64/jli/libjli.so
7fab89a33000-7fab89a34000 r--p 0000d000 103:08 5524187                   /usr/lib/jvm/java-8-openjdk/jre/lib/amd64/jli/libjli.so
7fab89a34000-7fab89a35000 rw-p 0000e000 103:08 5524187                   /usr/lib/jvm/java-8-openjdk/jre/lib/amd64/jli/libjli.so
7fab89a35000-7fab89a4b000 r-xp 00000000 103:08 4335799                   /usr/lib/libz.so.1.2.11
7fab89a4b000-7fab89c4a000 ---p 00016000 103:08 4335799                   /usr/lib/libz.so.1.2.11
7fab89c4a000-7fab89c4b000 r--p 00015000 103:08 4335799                   /usr/lib/libz.so.1.2.11
7fab89c4b000-7fab89c4c000 rw-p 00016000 103:08 4335799                   /usr/lib/libz.so.1.2.11
7fab89c4c000-7fab89c65000 r-xp 00000000 103:08 4327658                   /usr/lib/libpthread-2.26.so
7fab89c65000-7fab89e64000 ---p 00019000 103:08 4327658                   /usr/lib/libpthread-2.26.so
7fab89e64000-7fab89e65000 r--p 00018000 103:08 4327658                   /usr/lib/libpthread-2.26.so
7fab89e65000-7fab89e66000 rw-p 00019000 103:08 4327658                   /usr/lib/libpthread-2.26.so
7fab89e66000-7fab89e6a000 rw-p 00000000 00:00 0 
7fab89e6a000-7fab89e8f000 r-xp 00000000 103:08 4327638                   /usr/lib/ld-2.26.so
7fab89f51000-7fab89f54000 ---p 00000000 00:00 0 
7fab89f54000-7fab8a054000 rw-p 00000000 00:00 0 
7fab8a082000-7fab8a08a000 rw-s 00000000 00:27 3563620                    /tmp/hsperfdata_jeremy/18747
7fab8a08a000-7fab8a08b000 rw-p 00000000 00:00 0 
7fab8a08b000-7fab8a08c000 r--p 00000000 00:00 0 
7fab8a08c000-7fab8a08e000 rw-p 00000000 00:00 0 
7fab8a08e000-7fab8a08f000 r--p 00024000 103:08 4327638                   /usr/lib/ld-2.26.so
7fab8a08f000-7fab8a090000 rw-p 00025000 103:08 4327638                   /usr/lib/ld-2.26.so
7fab8a090000-7fab8a091000 rw-p 00000000 00:00 0 
7fffdae53000-7fffdae74000 rw-p 00000000 00:00 0                          [stack]
7fffdaee2000-7fffdaee5000 r--p 00000000 00:00 0                          [vvar]
7fffdaee5000-7fffdaee7000 r-xp 00000000 00:00 0                          [vdso]
ffffffffff600000-ffffffffff601000 r-xp 00000000 00:00 0                  [vsyscall]

VM Arguments:
jvm_args: -Dsmartgit.logging=false -Djava.net.preferIPv4Stack=true 
java_command: com.syntevo.smartgit.transport.askpass.SgAskPasswordMain Password for 'https://jjprojects@bitbucket.org': 
java_class_path (initial): /home/jeremy/.smartgit/updates/repo/smartgit.jar.b09cc26b115df549584a37a3fd882c56088ed17c:/home/jeremy/.smartgit/updates/repo/log4j.jar.f0a0d2e29ed910808c33135a3a5a51bba6358f7b:/home/jeremy/.smartgit/updates/repo/trilead.jar.463924cac9f167232b6e5a57a1eecd2ab2d4f482
Launcher Type: SUN_STANDARD

Environment Variables:
PATH=/usr/lib/git-core:/opt/smartgit/lib:/home/jeremy/.npm-global/lib/node_modules/grunt-cli/bin:~/.config/composer/vendor/bin:~/node_modules/@angular/cli/bin:/usr/bin:/usr/local/sbin:/usr/local/bin:/usr/lib/jvm/default/bin:/usr/bin/site_perl:/usr/bin/vendor_perl:/usr/bin/core_perl
LD_LIBRARY_PATH=:/usr/lib/gnome-private/lib
SHELL=/bin/bash
DISPLAY=:0

Signal Handlers:
SIGSEGV: [libjvm.so+0xaa46c0], sa_mask[0]=11111111011111111101111111111110, sa_flags=SA_RESTART|SA_SIGINFO
SIGBUS: [libjvm.so+0xaa46c0], sa_mask[0]=11111111011111111101111111111110, sa_flags=SA_RESTART|SA_SIGINFO
SIGFPE: [libjvm.so+0x8dc3d0], sa_mask[0]=11111111011111111101111111111110, sa_flags=SA_RESTART|SA_SIGINFO
SIGPIPE: [libjvm.so+0x8dc3d0], sa_mask[0]=11111111011111111101111111111110, sa_flags=SA_RESTART|SA_SIGINFO
SIGXFSZ: [libjvm.so+0x8dc3d0], sa_mask[0]=11111111011111111101111111111110, sa_flags=SA_RESTART|SA_SIGINFO
SIGILL: [libjvm.so+0x8dc3d0], sa_mask[0]=11111111011111111101111111111110, sa_flags=SA_RESTART|SA_SIGINFO
SIGUSR1: SIG_DFL, sa_mask[0]=00000000000000000000000000000000, sa_flags=none
SIGUSR2: [libjvm.so+0x8dc280], sa_mask[0]=00100000000000000000000000000000, sa_flags=SA_RESTART|SA_SIGINFO
SIGHUP: SIG_DFL, sa_mask[0]=00000000000000000000000000000000, sa_flags=none
SIGINT: SIG_DFL, sa_mask[0]=00000000000000000000000000000000, sa_flags=none
SIGTERM: SIG_DFL, sa_mask[0]=00000000000000000000000000000000, sa_flags=none
SIGQUIT: SIG_DFL, sa_mask[0]=00000000000000000000000000000000, sa_flags=none


---------------  S Y S T E M  ---------------

OS:NAME="Arch Linux"
PRETTY_NAME="Arch Linux"
ID=arch
ID_LIKE=archlinux
ANSI_COLOR="0;36"
HOME_URL="https://www.archlinux.org/"
SUPPORT_URL="https://bbs.archlinux.org/"
BUG_REPORT_URL="https://bugs.archlinux.org/"

uname:Linux 4.14.5-1-ARCH #1 SMP PREEMPT Sun Dec 10 14:50:30 UTC 2017 x86_64
libc:glibc 2.26 NPTL 2.26 
rlimit: STACK 8192k, CORE infinity, NPROC 62504, NOFILE 4096, AS infinity
load average:2.56 2.74 2.80

/proc/meminfo:
MemTotal:       16251908 kB
MemFree:          158632 kB
MemAvailable:      45336 kB
Buffers:            2700 kB
Cached:          3484112 kB
SwapCached:            0 kB
Active:         12291224 kB
Inactive:        3339192 kB
Active(anon):   12268092 kB
Inactive(anon):  3303120 kB
Active(file):      23132 kB
Inactive(file):    36072 kB
Unevictable:       58612 kB
Mlocked:           58612 kB
SwapTotal:             0 kB
SwapFree:              0 kB
Dirty:               404 kB
Writeback:             0 kB
AnonPages:      12202460 kB
Mapped:           566548 kB
Shmem:           3427372 kB
Slab:             147688 kB
SReclaimable:      68920 kB
SUnreclaim:        78768 kB
KernelStack:       16208 kB
PageTables:        86056 kB
NFS_Unstable:          0 kB
Bounce:                0 kB
WritebackTmp:          0 kB
CommitLimit:     8125952 kB
Committed_AS:   22399420 kB
VmallocTotal:   34359738367 kB
VmallocUsed:           0 kB
VmallocChunk:          0 kB
HardwareCorrupted:     0 kB
AnonHugePages:   2422784 kB
ShmemHugePages:        0 kB
ShmemPmdMapped:        0 kB
HugePages_Total:       0
HugePages_Free:        0
HugePages_Rsvd:        0
HugePages_Surp:        0
Hugepagesize:       2048 kB
DirectMap4k:      578940 kB
DirectMap2M:    16019456 kB
DirectMap1G:           0 kB


CPU:total 8 (initial active 8) (4 cores per cpu, 2 threads per core) family 6 model 94 stepping 3, cmov, cx8, fxsr, mmx, sse, sse2, sse3, ssse3, sse4.1, sse4.2, popcnt, avx, avx2, aes, clmul, erms, rtm, 3dnowpref, lzcnt, ht, tsc, tscinvbit, bmi1, bmi2, adx

/proc/cpuinfo:
processor	: 0
vendor_id	: GenuineIntel
cpu family	: 6
model		: 94
model name	: Intel(R) Core(TM) i7-6700HQ CPU @ 2.60GHz
stepping	: 3
microcode	: 0x9e
cpu MHz		: 2600.000
cache size	: 6144 KB
physical id	: 0
siblings	: 8
core id		: 0
cpu cores	: 4
apicid		: 0
initial apicid	: 0
fpu		: yes
fpu_exception	: yes
cpuid level	: 22
wp		: yes
flags		: fpu vme de pse tsc msr pae mce cx8 apic sep mtrr pge mca cmov pat pse36 clflush dts acpi mmx fxsr sse sse2 ss ht tm pbe syscall nx pdpe1gb rdtscp lm constant_tsc art arch_perfmon pebs bts rep_good nopl xtopology nonstop_tsc cpuid aperfmperf tsc_known_freq pni pclmulqdq dtes64 monitor ds_cpl vmx est tm2 ssse3 sdbg fma cx16 xtpr pdcm pcid sse4_1 sse4_2 x2apic movbe popcnt aes xsave avx f16c rdrand lahf_lm abm 3dnowprefetch cpuid_fault epb intel_pt tpr_shadow vnmi flexpriority ept vpid fsgsbase tsc_adjust bmi1 hle avx2 smep bmi2 erms invpcid rtm mpx rdseed adx smap clflushopt xsaveopt xsavec xgetbv1 xsaves dtherm ida arat pln pts hwp hwp_notify hwp_act_window hwp_epp
bugs		:
bogomips	: 5186.00
clflush size	: 64
cache_alignment	: 64
address sizes	: 39 bits physical, 48 bits virtual
power management:

processor	: 1
vendor_id	: GenuineIntel
cpu family	: 6
model		: 94
model name	: Intel(R) Core(TM) i7-6700HQ CPU @ 2.60GHz
stepping	: 3
microcode	: 0x9e
cpu MHz		: 2600.000
cache size	: 6144 KB
physical id	: 0
siblings	: 8
core id		: 1
cpu cores	: 4
apicid		: 2
initial apicid	: 2
fpu		: yes
fpu_exception	: yes
cpuid level	: 22
wp		: yes
flags		: fpu vme de pse tsc msr pae mce cx8 apic sep mtrr pge mca cmov pat pse36 clflush dts acpi mmx fxsr sse sse2 ss ht tm pbe syscall nx pdpe1gb rdtscp lm constant_tsc art arch_perfmon pebs bts rep_good nopl xtopology nonstop_tsc cpuid aperfmperf tsc_known_freq pni pclmulqdq dtes64 monitor ds_cpl vmx est tm2 ssse3 sdbg fma cx16 xtpr pdcm pcid sse4_1 sse4_2 x2apic movbe popcnt aes xsave avx f16c rdrand lahf_lm abm 3dnowprefetch cpuid_fault epb intel_pt tpr_shadow vnmi flexpriority ept vpid fsgsbase tsc_adjust bmi1 hle avx2 smep bmi2 erms invpcid rtm mpx rdseed adx smap clflushopt xsaveopt xsavec xgetbv1 xsaves dtherm ida arat pln pts hwp hwp_notify hwp_act_window hwp_epp
bugs		:
bogomips	: 5186.00
clflush size	: 64
cache_alignment	: 64
address sizes	: 39 bits physical, 48 bits virtual
power management:

processor	: 2
vendor_id	: GenuineIntel
cpu family	: 6
model		: 94
model name	: Intel(R) Core(TM) i7-6700HQ CPU @ 2.60GHz
stepping	: 3
microcode	: 0x9e
cpu MHz		: 2600.000
cache size	: 6144 KB
physical id	: 0
siblings	: 8
core id		: 2
cpu cores	: 4
apicid		: 4
initial apicid	: 4
fpu		: yes
fpu_exception	: yes
cpuid level	: 22
wp		: yes
flags		: fpu vme de pse tsc msr pae mce cx8 apic sep mtrr pge mca cmov pat pse36 clflush dts acpi mmx fxsr sse sse2 ss ht tm pbe syscall nx pdpe1gb rdtscp lm constant_tsc art arch_perfmon pebs bts rep_good nopl xtopology nonstop_tsc cpuid aperfmperf tsc_known_freq pni pclmulqdq dtes64 monitor ds_cpl vmx est tm2 ssse3 sdbg fma cx16 xtpr pdcm pcid sse4_1 sse4_2 x2apic movbe popcnt aes xsave avx f16c rdrand lahf_lm abm 3dnowprefetch cpuid_fault epb intel_pt tpr_shadow vnmi flexpriority ept vpid fsgsbase tsc_adjust bmi1 hle avx2 smep bmi2 erms invpcid rtm mpx rdseed adx smap clflushopt xsaveopt xsavec xgetbv1 xsaves dtherm ida arat pln pts hwp hwp_notify hwp_act_window hwp_epp
bugs		:
bogomips	: 5186.00
clflush size	: 64
cache_alignment	: 64
address sizes	: 39 bits physical, 48 bits virtual
power management:

processor	: 3
vendor_id	: GenuineIntel
cpu family	: 6
model		: 94
model name	: Intel(R) Core(TM) i7-6700HQ CPU @ 2.60GHz
stepping	: 3
microcode	: 0x9e
cpu MHz		: 2600.000
cache size	: 6144 KB
physical id	: 0
siblings	: 8
core id		: 3
cpu cores	: 4
apicid		: 6
initial apicid	: 6
fpu		: yes
fpu_exception	: yes
cpuid level	: 22
wp		: yes
flags		: fpu vme de pse tsc msr pae mce cx8 apic sep mtrr pge mca cmov pat pse36 clflush dts acpi mmx fxsr sse sse2 ss ht tm pbe syscall nx pdpe1gb rdtscp lm constant_tsc art arch_perfmon pebs bts rep_good nopl xtopology nonstop_tsc cpuid aperfmperf tsc_known_freq pni pclmulqdq dtes64 monitor ds_cpl vmx est tm2 ssse3 sdbg fma cx16 xtpr pdcm pcid sse4_1 sse4_2 x2apic movbe popcnt aes xsave avx f16c rdrand lahf_lm abm 3dnowprefetch cpuid_fault epb intel_pt tpr_shadow vnmi flexpriority ept vpid fsgsbase tsc_adjust bmi1 hle avx2 smep bmi2 erms invpcid rtm mpx rdseed adx smap clflushopt xsaveopt xsavec xgetbv1 xsaves dtherm ida arat pln pts hwp hwp_notify hwp_act_window hwp_epp
bugs		:
bogomips	: 5186.00
clflush size	: 64
cache_alignment	: 64
address sizes	: 39 bits physical, 48 bits virtual
power management:

processor	: 4
vendor_id	: GenuineIntel
cpu family	: 6
model		: 94
model name	: Intel(R) Core(TM) i7-6700HQ CPU @ 2.60GHz
stepping	: 3
microcode	: 0x9e
cpu MHz		: 2600.000
cache size	: 6144 KB
physical id	: 0
siblings	: 8
core id		: 0
cpu cores	: 4
apicid		: 1
initial apicid	: 1
fpu		: yes
fpu_exception	: yes
cpuid level	: 22
wp		: yes
flags		: fpu vme de pse tsc msr pae mce cx8 apic sep mtrr pge mca cmov pat pse36 clflush dts acpi mmx fxsr sse sse2 ss ht tm pbe syscall nx pdpe1gb rdtscp lm constant_tsc art arch_perfmon pebs bts rep_good nopl xtopology nonstop_tsc cpuid aperfmperf tsc_known_freq pni pclmulqdq dtes64 monitor ds_cpl vmx est tm2 ssse3 sdbg fma cx16 xtpr pdcm pcid sse4_1 sse4_2 x2apic movbe popcnt aes xsave avx f16c rdrand lahf_lm abm 3dnowprefetch cpuid_fault epb intel_pt tpr_shadow vnmi flexpriority ept vpid fsgsbase tsc_adjust bmi1 hle avx2 smep bmi2 erms invpcid rtm mpx rdseed adx smap clflushopt xsaveopt xsavec xgetbv1 xsaves dtherm ida arat pln pts hwp hwp_notify hwp_act_window hwp_epp
bugs		:
bogomips	: 5186.00
clflush size	: 64
cache_alignment	: 64
address sizes	: 39 bits physical, 48 bits virtual
power management:

processor	: 5
vendor_id	: GenuineIntel
cpu family	: 6
model		: 94
model name	: Intel(R) Core(TM) i7-6700HQ CPU @ 2.60GHz
stepping	: 3
microcode	: 0x9e
cpu MHz		: 2600.000
cache size	: 6144 KB
physical id	: 0
siblings	: 8
core id		: 1
cpu cores	: 4
apicid		: 3
initial apicid	: 3
fpu		: yes
fpu_exception	: yes
cpuid level	: 22
wp		: yes
flags		: fpu vme de pse tsc msr pae mce cx8 apic sep mtrr pge mca cmov pat pse36 clflush dts acpi mmx fxsr sse sse2 ss ht tm pbe syscall nx pdpe1gb rdtscp lm constant_tsc art arch_perfmon pebs bts rep_good nopl xtopology nonstop_tsc cpuid aperfmperf tsc_known_freq pni pclmulqdq dtes64 monitor ds_cpl vmx est tm2 ssse3 sdbg fma cx16 xtpr pdcm pcid sse4_1 sse4_2 x2apic movbe popcnt aes xsave avx f16c rdrand lahf_lm abm 3dnowprefetch cpuid_fault epb intel_pt tpr_shadow vnmi flexpriority ept vpid fsgsbase tsc_adjust bmi1 hle avx2 smep bmi2 erms invpcid rtm mpx rdseed adx smap clflushopt xsaveopt xsavec xgetbv1 xsaves dtherm ida arat pln pts hwp hwp_notify hwp_act_window hwp_epp
bugs		:
bogomips	: 5186.00
clflush size	: 64
cache_alignment	: 64
address sizes	: 39 bits physical, 48 bits virtual
power management:

processor	: 6
vendor_id	: GenuineIntel
cpu family	: 6
model		: 94
model name	: Intel(R) Core(TM) i7-6700HQ CPU @ 2.60GHz
stepping	: 3
microcode	: 0x9e
cpu MHz		: 2600.000
cache size	: 6144 KB
physical id	: 0
siblings	: 8
core id		: 2
cpu cores	: 4
apicid		: 5
initial apicid	: 5
fpu		: yes
fpu_exception	: yes
cpuid level	: 22
wp		: yes
flags		: fpu vme de pse tsc msr pae mce cx8 apic sep mtrr pge mca cmov pat pse36 clflush dts acpi mmx fxsr sse sse2 ss ht tm pbe syscall nx pdpe1gb rdtscp lm constant_tsc art arch_perfmon pebs bts rep_good nopl xtopology nonstop_tsc cpuid aperfmperf tsc_known_freq pni pclmulqdq dtes64 monitor ds_cpl vmx est tm2 ssse3 sdbg fma cx16 xtpr pdcm pcid sse4_1 sse4_2 x2apic movbe popcnt aes xsave avx f16c rdrand lahf_lm abm 3dnowprefetch cpuid_fault epb intel_pt tpr_shadow vnmi flexpriority ept vpid fsgsbase tsc_adjust bmi1 hle avx2 smep bmi2 erms invpcid rtm mpx rdseed adx smap clflushopt xsaveopt xsavec xgetbv1 xsaves dtherm ida arat pln pts hwp hwp_notify hwp_act_window hwp_epp
bugs		:
bogomips	: 5186.00
clflush size	: 64
cache_alignment	: 64
address sizes	: 39 bits physical, 48 bits virtual
power management:

processor	: 7
vendor_id	: GenuineIntel
cpu family	: 6
model		: 94
model name	: Intel(R) Core(TM) i7-6700HQ CPU @ 2.60GHz
stepping	: 3
microcode	: 0x9e
cpu MHz		: 2600.000
cache size	: 6144 KB
physical id	: 0
siblings	: 8
core id		: 3
cpu cores	: 4
apicid		: 7
initial apicid	: 7
fpu		: yes
fpu_exception	: yes
cpuid level	: 22
wp		: yes
flags		: fpu vme de pse tsc msr pae mce cx8 apic sep mtrr pge mca cmov pat pse36 clflush dts acpi mmx fxsr sse sse2 ss ht tm pbe syscall nx pdpe1gb rdtscp lm constant_tsc art arch_perfmon pebs bts rep_good nopl xtopology nonstop_tsc cpuid aperfmperf tsc_known_freq pni pclmulqdq dtes64 monitor ds_cpl vmx est tm2 ssse3 sdbg fma cx16 xtpr pdcm pcid sse4_1 sse4_2 x2apic movbe popcnt aes xsave avx f16c rdrand lahf_lm abm 3dnowprefetch cpuid_fault epb intel_pt tpr_shadow vnmi flexpriority ept vpid fsgsbase tsc_adjust bmi1 hle avx2 smep bmi2 erms invpcid rtm mpx rdseed adx smap clflushopt xsaveopt xsavec xgetbv1 xsaves dtherm ida arat pln pts hwp hwp_notify hwp_act_window hwp_epp
bugs		:
bogomips	: 5186.00
clflush size	: 64
cache_alignment	: 64
address sizes	: 39 bits physical, 48 bits virtual
power management:



Memory: 4k page, physical 16251908k(158136k free), swap 0k(0k free)

vm_info: OpenJDK 64-Bit Server VM (25.144-b01) for linux-amd64 JRE (1.8.0_144-b01), built on Jul 28 2017 20:07:18 by "builduser" with gcc 7.1.1 20170630

time: Wed Dec 20 14:52:17 2017
elapsed time: 0 seconds (0d 0h 0m 0s)

